[2018-09-20 11:08:33,229][http-nio-8080-exec-1][INFO][org.apache.catalina.core.ContainerBase.[Tomcat].[localhost].[/]:180] Initializing Spring FrameworkServlet 'dispatcherServlet'
[2018-09-20 11:08:33,230][http-nio-8080-exec-1][INFO][org.springframework.web.servlet.DispatcherServlet:494] FrameworkServlet 'dispatcherServlet': initialization started
[2018-09-20 11:08:33,273][http-nio-8080-exec-1][INFO][org.springframework.web.servlet.DispatcherServlet:509] FrameworkServlet 'dispatcherServlet': initialization completed in 42 ms
[2018-09-20 11:08:33,343][http-nio-8080-exec-1][INFO][org.springframework.web.servlet.handler.SimpleUrlHandlerMapping:373] Mapped URL path [/**/favicon.ico] onto handler of type [class org.springframework.web.servlet.resource.ResourceHttpRequestHandler]
[2018-09-20 11:08:50,849][main][INFO][com.honeypotato.homemanager.HomeManagerApplication:50] Starting HomeManagerApplication on WH-341 with PID 33676 (C:\Users\98887\IdeaProjects\home-manager\target\classes started by sanyihwang in C:\Users\98887\IdeaProjects\home-manager)
[2018-09-20 11:08:50,856][main][INFO][com.honeypotato.homemanager.HomeManagerApplication:680] No active profile set, falling back to default profiles: default
[2018-09-20 11:08:50,912][main][INFO][org.springframework.boot.web.servlet.context.AnnotationConfigServletWebServerApplicationContext:590] Refreshing org.springframework.boot.web.servlet.context.AnnotationConfigServletWebServerApplicationContext@5829e4f4: startup date [Thu Sep 20 11:08:50 CST 2018]; root of context hierarchy
[2018-09-20 11:08:52,436][main][INFO][org.springframework.boot.web.embedded.tomcat.TomcatWebServer:91] Tomcat initialized with port(s): 8080 (http)
[2018-09-20 11:08:52,454][main][INFO][org.apache.coyote.http11.Http11NioProtocol:180] Initializing ProtocolHandler ["http-nio-8080"]
[2018-09-20 11:08:52,464][main][INFO][org.apache.catalina.core.StandardService:180] Starting service [Tomcat]
[2018-09-20 11:08:52,465][main][INFO][org.apache.catalina.core.StandardEngine:180] Starting Servlet Engine: Apache Tomcat/8.5.34
[2018-09-20 11:08:52,469][localhost-startStop-1][INFO][org.apache.catalina.core.AprLifecycleListener:180] The APR based Apache Tomcat Native library which allows optimal performance in production environments was not found on the java.library.path: [D:\soft\dev\Java\jdk1.8.0_131\bin;C:\Windows\Sun\Java\bin;C:\Windows\system32;C:\Windows;C:\Program Files (x86)\Google\Chrome\Application;D:\soft\dev\Java\jdk1.8.0_131\bin;D:\soft\dev\Java\jdk1.8.0_131\jre\bin;C:\ProgramData\Oracle\Java\javapath;C:\Windows\system32;C:\Windows;C:\Windows\System32\Wbem;C:\Windows\System32\WindowsPowerShell\v1.0\;D:\soft\dev\nodejs\;D:\soft\dev\Git\bin;d:\syslib;C:\Program Files (x86)\Windows Kits\8.1\Windows Performance Toolkit\;D:\soft\dev\TortoiseSVN\bin;D:\soft\dev\MySQL\MySQL Server 5.5\bin;D:\soft\dev\spring-boot-cli-1.4.0\bin;D:\soft\dev\apache-maven-3.5.2\bin;D:\work\script;D:\soft\dev\Anaconda3\Scripts;D:\soft\dev\MongoDB\Server\3.6\bin;D:\soft\dev\Python\Python36\;C:\Users\98887\AppData\Roaming\npm;d:\soft\dev\Fiddler;d:\soft\dev\Microsoft VS Code\bin;C:\Program Files\Bandizip\;.]
[2018-09-20 11:08:52,578][localhost-startStop-1][INFO][org.apache.catalina.core.ContainerBase.[Tomcat].[localhost].[/]:180] Initializing Spring embedded WebApplicationContext
[2018-09-20 11:08:52,579][localhost-startStop-1][INFO][org.springframework.web.context.ContextLoader:285] Root WebApplicationContext: initialization completed in 1667 ms
[2018-09-20 11:08:52,835][localhost-startStop-1][INFO][org.springframework.boot.web.servlet.ServletRegistrationBean:187] Servlet dispatcherServlet mapped to [/]
[2018-09-20 11:08:52,836][localhost-startStop-1][INFO][org.springframework.boot.web.servlet.ServletRegistrationBean:187] Servlet statViewServlet mapped to [/druid/*]
[2018-09-20 11:08:52,840][localhost-startStop-1][INFO][org.springframework.boot.web.servlet.FilterRegistrationBean:245] Mapping filter: 'characterEncodingFilter' to: [/*]
[2018-09-20 11:08:52,840][localhost-startStop-1][INFO][org.springframework.boot.web.servlet.FilterRegistrationBean:245] Mapping filter: 'hiddenHttpMethodFilter' to: [/*]
[2018-09-20 11:08:52,840][localhost-startStop-1][INFO][org.springframework.boot.web.servlet.FilterRegistrationBean:245] Mapping filter: 'httpPutFormContentFilter' to: [/*]
[2018-09-20 11:08:52,840][localhost-startStop-1][INFO][org.springframework.boot.web.servlet.FilterRegistrationBean:245] Mapping filter: 'requestContextFilter' to: [/*]
[2018-09-20 11:08:52,841][localhost-startStop-1][INFO][org.springframework.boot.web.servlet.FilterRegistrationBean:258] Mapping filter: 'webStatFilter' to urls: [/*]
[2018-09-20 11:08:53,095][main][INFO][com.alibaba.druid.spring.boot.autoconfigure.DruidDataSourceAutoConfigure:56] Init DruidDataSource
[2018-09-20 11:08:53,494][main][INFO][com.alibaba.druid.pool.DruidDataSource:928] {dataSource-1} inited
[2018-09-20 11:08:53,854][main][INFO][org.springframework.web.servlet.handler.SimpleUrlHandlerMapping:373] Mapped URL path [/**/favicon.ico] onto handler of type [class org.springframework.web.servlet.resource.ResourceHttpRequestHandler]
[2018-09-20 11:08:54,060][main][INFO][org.springframework.web.servlet.mvc.method.annotation.RequestMappingHandlerAdapter:588] Looking for @ControllerAdvice: org.springframework.boot.web.servlet.context.AnnotationConfigServletWebServerApplicationContext@5829e4f4: startup date [Thu Sep 20 11:08:50 CST 2018]; root of context hierarchy
[2018-09-20 11:08:54,130][main][INFO][org.springframework.web.servlet.mvc.method.annotation.RequestMappingHandlerMapping:549] Mapped "{[/user/{id}],methods=[GET]}" onto public com.honeypotato.homemanager.common.model.RetResult com.honeypotato.homemanager.controller.UserController.queryById(int)
[2018-09-20 11:08:54,131][main][INFO][org.springframework.web.servlet.mvc.method.annotation.RequestMappingHandlerMapping:549] Mapped "{[/user],methods=[GET]}" onto public com.honeypotato.homemanager.common.model.RetResult com.honeypotato.homemanager.controller.UserController.queryList()
[2018-09-20 11:08:54,133][main][INFO][org.springframework.web.servlet.mvc.method.annotation.RequestMappingHandlerMapping:549] Mapped "{[/error]}" onto public org.springframework.http.ResponseEntity<java.util.Map<java.lang.String, java.lang.Object>> org.springframework.boot.autoconfigure.web.servlet.error.BasicErrorController.error(javax.servlet.http.HttpServletRequest)
[2018-09-20 11:08:54,134][main][INFO][org.springframework.web.servlet.mvc.method.annotation.RequestMappingHandlerMapping:549] Mapped "{[/error],produces=[text/html]}" onto public org.springframework.web.servlet.ModelAndView org.springframework.boot.autoconfigure.web.servlet.error.BasicErrorController.errorHtml(javax.servlet.http.HttpServletRequest,javax.servlet.http.HttpServletResponse)
[2018-09-20 11:08:54,174][main][INFO][org.springframework.web.servlet.handler.SimpleUrlHandlerMapping:373] Mapped URL path [/webjars/**] onto handler of type [class org.springframework.web.servlet.resource.ResourceHttpRequestHandler]
[2018-09-20 11:08:54,175][main][INFO][org.springframework.web.servlet.handler.SimpleUrlHandlerMapping:373] Mapped URL path [/**] onto handler of type [class org.springframework.web.servlet.resource.ResourceHttpRequestHandler]
[2018-09-20 11:08:54,427][main][INFO][org.springframework.jmx.export.annotation.AnnotationMBeanExporter:433] Registering beans for JMX exposure on startup
[2018-09-20 11:08:54,430][main][INFO][org.springframework.jmx.export.annotation.AnnotationMBeanExporter:895] Bean with name 'statFilter' has been autodetected for JMX exposure
[2018-09-20 11:08:54,430][main][INFO][org.springframework.jmx.export.annotation.AnnotationMBeanExporter:895] Bean with name 'dataSource' has been autodetected for JMX exposure
[2018-09-20 11:08:54,436][main][INFO][org.springframework.jmx.export.annotation.AnnotationMBeanExporter:668] Located MBean 'dataSource': registering with JMX server as MBean [com.alibaba.druid.spring.boot.autoconfigure:name=dataSource,type=DruidDataSourceWrapper]
[2018-09-20 11:08:54,437][main][INFO][org.springframework.jmx.export.annotation.AnnotationMBeanExporter:668] Located MBean 'statFilter': registering with JMX server as MBean [com.alibaba.druid.filter.stat:name=statFilter,type=StatFilter]
[2018-09-20 11:08:54,448][main][INFO][org.apache.coyote.http11.Http11NioProtocol:180] Starting ProtocolHandler ["http-nio-8080"]
[2018-09-20 11:08:54,466][main][INFO][org.apache.tomcat.util.net.NioSelectorPool:180] Using a shared selector for servlet write/read
[2018-09-20 11:08:54,487][main][INFO][org.springframework.boot.web.embedded.tomcat.TomcatWebServer:206] Tomcat started on port(s): 8080 (http) with context path ''
[2018-09-20 11:08:54,493][main][INFO][com.honeypotato.homemanager.HomeManagerApplication:59] Started HomeManagerApplication in 4.247 seconds (JVM running for 9.125)
[2018-09-20 11:08:55,918][http-nio-8080-exec-1][INFO][org.apache.catalina.core.ContainerBase.[Tomcat].[localhost].[/]:180] Initializing Spring FrameworkServlet 'dispatcherServlet'
[2018-09-20 11:08:55,918][http-nio-8080-exec-1][INFO][org.springframework.web.servlet.DispatcherServlet:494] FrameworkServlet 'dispatcherServlet': initialization started
[2018-09-20 11:08:55,937][http-nio-8080-exec-1][INFO][org.springframework.web.servlet.DispatcherServlet:509] FrameworkServlet 'dispatcherServlet': initialization completed in 18 ms
